# JRE version: Java(TM) SE Runtime Environment (8.0-b128) (build 1.8.0-b128)
# Java VM: Java HotSpot(TM) Client VM (25.0-b69 mixed mode windows-x86 )
Heap:
 def new generation   total 22208K, used 16085K [0x04800000, 0x06010000, 0x09d50000)
  eden space 19776K,  69% used [0x04800000, 0x055557f0, 0x05b50000)
  from space 2432K, 100% used [0x05db0000, 0x06010000, 0x06010000)
  to   space 2432K,   0% used [0x05b50000, 0x05b50000, 0x05db0000)
 tenured generation   total 49208K, used 38907K [0x09d50000, 0x0cd5e000, 0x14800000)
   the space 49208K,  79% used [0x09d50000, 0x0c34ee70, 0x0c34f000, 0x0cd5e000)
 Metaspace       used 14812K, capacity 14933K, committed 14976K, reserved 15744K
GC Heap History (10 events):
Event: 12.454 GC heap before
{Heap before GC invocations=23 (full 2):
 def new generation   total 11328K, used 11328K [0x04800000, 0x05440000, 0x09d50000)
  eden space 10112K, 100% used [0x04800000, 0x051e0000, 0x051e0000)
  from space 1216K, 100% used [0x051e0000, 0x05310000, 0x05310000)
  to   space 1216K,   0% used [0x05310000, 0x05310000, 0x05440000)
 tenured generation   total 25956K, used 25879K [0x09d50000, 0x0b6a9000, 0x14800000)
   the space 25956K,  99% used [0x09d50000, 0x0b695c28, 0x0b695e00, 0x0b6a9000)
 Metaspace       used 14762K, capacity 14884K, committed 14976K, reserved 15744K
Event: 12.463 GC heap after
Heap after GC invocations=24 (full 2):
 def new generation   total 11328K, used 1216K [0x04800000, 0x05440000, 0x09d50000)
  eden space 10112K,   0% used [0x04800000, 0x04800000, 0x051e0000)
  from space 1216K, 100% used [0x05310000, 0x05440000, 0x05440000)
  to   space 1216K,   0% used [0x051e0000, 0x051e0000, 0x05310000)
 tenured generation   total 28268K, used 28258K [0x09d50000, 0x0b8eb000, 0x14800000)
   the space 28268K,  99% used [0x09d50000, 0x0b8e8870, 0x0b8e8a00, 0x0b8eb000)
 Metaspace       used 14762K, capacity 14884K, committed 14976K, reserved 15744K
}
Event: 12.665 GC heap before
{Heap before GC invocations=24 (full 2):
 def new generation   total 11328K, used 11236K [0x04800000, 0x05440000, 0x09d50000)
  eden space 10112K,  99% used [0x04800000, 0x051c93f8, 0x051e0000)
  from space 1216K, 100% used [0x05310000, 0x05440000, 0x05440000)
  to   space 1216K,   0% used [0x051e0000, 0x051e0000, 0x05310000)
 tenured generation   total 28268K, used 28258K [0x09d50000, 0x0b8eb000, 0x14800000)
   the space 28268K,  99% used [0x09d50000, 0x0b8e8870, 0x0b8e8a00, 0x0b8eb000)
 Metaspace       used 14762K, capacity 14884K, committed 14976K, reserved 15744K
Event: 12.727 GC heap after
Heap after GC invocations=25 (full 3):
 def new generation   total 22208K, used 0K [0x04800000, 0x06010000, 0x09d50000)
  eden space 19776K,   0% used [0x04800000, 0x04800000, 0x05b50000)
  from space 2432K,   0% used [0x05b50000, 0x05b50000, 0x05db0000)
  to   space 2432K,   0% used [0x05db0000, 0x05db0000, 0x06010000)
 tenured generation   total 49208K, used 29522K [0x09d50000, 0x0cd5e000, 0x14800000)
   the space 49208K,  59% used [0x09d50000, 0x0ba249b0, 0x0ba24a00, 0x0cd5e000)
 Metaspace       used 14750K, capacity 14869K, committed 14976K, reserved 15744K
}
Event: 141.180 GC heap before
{Heap before GC invocations=25 (full 3):
 def new generation   total 22208K, used 19776K [0x04800000, 0x06010000, 0x09d50000)
  eden space 19776K, 100% used [0x04800000, 0x05b50000, 0x05b50000)
  from space 2432K,   0% used [0x05b50000, 0x05b50000, 0x05db0000)
  to   space 2432K,   0% used [0x05db0000, 0x05db0000, 0x06010000)
 tenured generation   total 49208K, used 29522K [0x09d50000, 0x0cd5e000, 0x14800000)
   the space 49208K,  59% used [0x09d50000, 0x0ba249b0, 0x0ba24a00, 0x0cd5e000)
 Metaspace       used 14795K, capacity 14933K, committed 14976K, reserved 15744K
Event: 141.191 GC heap after
Heap after GC invocations=26 (full 3):
 def new generation   total 22208K, used 2432K [0x04800000, 0x06010000, 0x09d50000)
  eden space 19776K,   0% used [0x04800000, 0x04800000, 0x05b50000)
  from space 2432K, 100% used [0x05db0000, 0x06010000, 0x06010000)
  to   space 2432K,   0% used [0x05b50000, 0x05b50000, 0x05db0000)
 tenured generation   total 49208K, used 29729K [0x09d50000, 0x0cd5e000, 0x14800000)
   the space 49208K,  60% used [0x09d50000, 0x0ba58640, 0x0ba58800, 0x0cd5e000)
 Metaspace       used 14795K, capacity 14933K, committed 14976K, reserved 15744K
}
Event: 224.439 GC heap before
{Heap before GC invocations=26 (full 3):
 def new generation   total 22208K, used 22208K [0x04800000, 0x06010000, 0x09d50000)
  eden space 19776K, 100% used [0x04800000, 0x05b50000, 0x05b50000)
  from space 2432K, 100% used [0x05db0000, 0x06010000, 0x06010000)
  to   space 2432K,   0% used [0x05b50000, 0x05b50000, 0x05db0000)
 tenured generation   total 49208K, used 29729K [0x09d50000, 0x0cd5e000, 0x14800000)
   the space 49208K,  60% used [0x09d50000, 0x0ba58640, 0x0ba58800, 0x0cd5e000)
 Metaspace       used 14812K, capacity 14933K, committed 14976K, reserved 15744K
Event: 224.452 GC heap after
Heap after GC invocations=27 (full 3):
 def new generation   total 22208K, used 2432K [0x04800000, 0x06010000, 0x09d50000)
  eden space 19776K,   0% used [0x04800000, 0x04800000, 0x05b50000)
  from space 2432K, 100% used [0x05b50000, 0x05db0000, 0x05db0000)
  to   space 2432K,   0% used [0x05db0000, 0x05db0000, 0x06010000)
 tenured generation   total 49208K, used 32476K [0x09d50000, 0x0cd5e000, 0x14800000)
   the space 49208K,  65% used [0x09d50000, 0x0bd071f0, 0x0bd07200, 0x0cd5e000)
 Metaspace       used 14812K, capacity 14933K, committed 14976K, reserved 15744K
}
Event: 225.399 GC heap before
{Heap before GC invocations=27 (full 3):
 def new generation   total 22208K, used 22208K [0x04800000, 0x06010000, 0x09d50000)
  eden space 19776K, 100% used [0x04800000, 0x05b50000, 0x05b50000)
  from space 2432K, 100% used [0x05b50000, 0x05db0000, 0x05db0000)
  to   space 2432K,   0% used [0x05db0000, 0x05db0000, 0x06010000)
 tenured generation   total 49208K, used 32476K [0x09d50000, 0x0cd5e000, 0x14800000)
   the space 49208K,  65% used [0x09d50000, 0x0bd071f0, 0x0bd07200, 0x0cd5e000)
 Metaspace       used 14812K, capacity 14933K, committed 14976K, reserved 15744K
Event: 225.412 GC heap after
Heap after GC invocations=28 (full 3):
 def new generation   total 22208K, used 2432K [0x04800000, 0x06010000, 0x09d50000)
  eden space 19776K,   0% used [0x04800000, 0x04800000, 0x05b50000)
  from space 2432K, 100% used [0x05db0000, 0x06010000, 0x06010000)
  to   space 2432K,   0% used [0x05b50000, 0x05b50000, 0x05db0000)
 tenured generation   total 49208K, used 38907K [0x09d50000, 0x0cd5e000, 0x14800000)
   the space 49208K,  79% used [0x09d50000, 0x0c34ee70, 0x0c34f000, 0x0cd5e000)
 Metaspace       used 14812K, capacity 14933K, committed 14976K, reserved 15744K
}

