# JRE version: Java(TM) SE Runtime Environment (8.0-b128) (build 1.8.0-b128)
# Java VM: Java HotSpot(TM) Client VM (25.0-b69 mixed mode windows-x86 )
Heap:
 def new generation   total 18368K, used 9001K [0x04a00000, 0x05de0000, 0x09f50000)
  eden space 16384K,  42% used [0x04a00000, 0x050da4f0, 0x05a00000)
  from space 1984K, 100% used [0x05bf0000, 0x05de0000, 0x05de0000)
  to   space 1984K,   0% used [0x05a00000, 0x05a00000, 0x05bf0000)
 tenured generation   total 40588K, used 40116K [0x09f50000, 0x0c6f3000, 0x14a00000)
   the space 40588K,  98% used [0x09f50000, 0x0c67d1e8, 0x0c67d200, 0x0c6f3000)
 Metaspace       used 14655K, capacity 14786K, committed 14848K, reserved 15744K
GC Heap History (10 events):
Event: 6.081 GC heap before
{Heap before GC invocations=20 (full 2):
 def new generation   total 11008K, used 11008K [0x04a00000, 0x055f0000, 0x09f50000)
  eden space 9792K, 100% used [0x04a00000, 0x05390000, 0x05390000)
  from space 1216K, 100% used [0x05390000, 0x054c0000, 0x054c0000)
  to   space 1216K,   0% used [0x054c0000, 0x054c0000, 0x055f0000)
 tenured generation   total 24404K, used 18371K [0x09f50000, 0x0b725000, 0x14a00000)
   the space 24404K,  75% used [0x09f50000, 0x0b140f68, 0x0b141000, 0x0b725000)
 Metaspace       used 14526K, capacity 14658K, committed 14720K, reserved 14720K
Event: 6.089 GC heap after
Heap after GC invocations=21 (full 2):
 def new generation   total 11008K, used 1216K [0x04a00000, 0x055f0000, 0x09f50000)
  eden space 9792K,   0% used [0x04a00000, 0x04a00000, 0x05390000)
  from space 1216K, 100% used [0x054c0000, 0x055f0000, 0x055f0000)
  to   space 1216K,   0% used [0x05390000, 0x05390000, 0x054c0000)
 tenured generation   total 24404K, used 21379K [0x09f50000, 0x0b725000, 0x14a00000)
   the space 24404K,  87% used [0x09f50000, 0x0b430e98, 0x0b431000, 0x0b725000)
 Metaspace       used 14526K, capacity 14658K, committed 14720K, reserved 14720K
}
Event: 6.334 GC heap before
{Heap before GC invocations=21 (full 2):
 def new generation   total 11008K, used 11008K [0x04a00000, 0x055f0000, 0x09f50000)
  eden space 9792K, 100% used [0x04a00000, 0x05390000, 0x05390000)
  from space 1216K, 100% used [0x054c0000, 0x055f0000, 0x055f0000)
  to   space 1216K,   0% used [0x05390000, 0x05390000, 0x054c0000)
 tenured generation   total 24404K, used 21379K [0x09f50000, 0x0b725000, 0x14a00000)
   the space 24404K,  87% used [0x09f50000, 0x0b430e98, 0x0b431000, 0x0b725000)
 Metaspace       used 14526K, capacity 14658K, committed 14720K, reserved 14720K
Event: 6.386 GC heap after
Heap after GC invocations=22 (full 3):
 def new generation   total 18368K, used 0K [0x04a00000, 0x05de0000, 0x09f50000)
  eden space 16384K,   0% used [0x04a00000, 0x04a00000, 0x05a00000)
  from space 1984K,   0% used [0x05a00000, 0x05a00000, 0x05bf0000)
  to   space 1984K,   0% used [0x05bf0000, 0x05bf0000, 0x05de0000)
 tenured generation   total 40588K, used 24352K [0x09f50000, 0x0c6f3000, 0x14a00000)
   the space 40588K,  59% used [0x09f50000, 0x0b7181f0, 0x0b718200, 0x0c6f3000)
 Metaspace       used 14526K, capacity 14658K, committed 14720K, reserved 14720K
}
Event: 22.665 GC heap before
{Heap before GC invocations=22 (full 3):
 def new generation   total 18368K, used 16379K [0x04a00000, 0x05de0000, 0x09f50000)
  eden space 16384K,  99% used [0x04a00000, 0x059fed78, 0x05a00000)
  from space 1984K,   0% used [0x05a00000, 0x05a00000, 0x05bf0000)
  to   space 1984K,   0% used [0x05bf0000, 0x05bf0000, 0x05de0000)
 tenured generation   total 40588K, used 24352K [0x09f50000, 0x0c6f3000, 0x14a00000)
   the space 40588K,  59% used [0x09f50000, 0x0b7181f0, 0x0b718200, 0x0c6f3000)
 Metaspace       used 14654K, capacity 14786K, committed 14848K, reserved 15744K
Event: 22.675 GC heap after
Heap after GC invocations=23 (full 3):
 def new generation   total 18368K, used 1984K [0x04a00000, 0x05de0000, 0x09f50000)
  eden space 16384K,   0% used [0x04a00000, 0x04a00000, 0x05a00000)
  from space 1984K, 100% used [0x05bf0000, 0x05de0000, 0x05de0000)
  to   space 1984K,   0% used [0x05a00000, 0x05a00000, 0x05bf0000)
 tenured generation   total 40588K, used 25608K [0x09f50000, 0x0c6f3000, 0x14a00000)
   the space 40588K,  63% used [0x09f50000, 0x0b852220, 0x0b852400, 0x0c6f3000)
 Metaspace       used 14654K, capacity 14786K, committed 14848K, reserved 15744K
}
Event: 22.997 GC heap before
{Heap before GC invocations=23 (full 3):
 def new generation   total 18368K, used 18368K [0x04a00000, 0x05de0000, 0x09f50000)
  eden space 16384K, 100% used [0x04a00000, 0x05a00000, 0x05a00000)
  from space 1984K, 100% used [0x05bf0000, 0x05de0000, 0x05de0000)
  to   space 1984K,   0% used [0x05a00000, 0x05a00000, 0x05bf0000)
 tenured generation   total 40588K, used 25608K [0x09f50000, 0x0c6f3000, 0x14a00000)
   the space 40588K,  63% used [0x09f50000, 0x0b852220, 0x0b852400, 0x0c6f3000)
 Metaspace       used 14655K, capacity 14786K, committed 14848K, reserved 15744K
Event: 23.014 GC heap after
Heap after GC invocations=24 (full 3):
 def new generation   total 18368K, used 1984K [0x04a00000, 0x05de0000, 0x09f50000)
  eden space 16384K,   0% used [0x04a00000, 0x04a00000, 0x05a00000)
  from space 1984K, 100% used [0x05a00000, 0x05bf0000, 0x05bf0000)
  to   space 1984K,   0% used [0x05bf0000, 0x05bf0000, 0x05de0000)
 tenured generation   total 40588K, used 29709K [0x09f50000, 0x0c6f3000, 0x14a00000)
   the space 40588K,  73% used [0x09f50000, 0x0bc53508, 0x0bc53600, 0x0c6f3000)
 Metaspace       used 14655K, capacity 14786K, committed 14848K, reserved 15744K
}
Event: 24.151 GC heap before
{Heap before GC invocations=24 (full 3):
 def new generation   total 18368K, used 18368K [0x04a00000, 0x05de0000, 0x09f50000)
  eden space 16384K, 100% used [0x04a00000, 0x05a00000, 0x05a00000)
  from space 1984K, 100% used [0x05a00000, 0x05bf0000, 0x05bf0000)
  to   space 1984K,   0% used [0x05bf0000, 0x05bf0000, 0x05de0000)
 tenured generation   total 40588K, used 29709K [0x09f50000, 0x0c6f3000, 0x14a00000)
   the space 40588K,  73% used [0x09f50000, 0x0bc53508, 0x0bc53600, 0x0c6f3000)
 Metaspace       used 14655K, capacity 14786K, committed 14848K, reserved 15744K
Event: 24.180 GC heap after
Heap after GC invocations=25 (full 3):
 def new generation   total 18368K, used 1984K [0x04a00000, 0x05de0000, 0x09f50000)
  eden space 16384K,   0% used [0x04a00000, 0x04a00000, 0x05a00000)
  from space 1984K, 100% used [0x05bf0000, 0x05de0000, 0x05de0000)
  to   space 1984K,   0% used [0x05a00000, 0x05a00000, 0x05bf0000)
 tenured generation   total 40588K, used 40116K [0x09f50000, 0x0c6f3000, 0x14a00000)
   the space 40588K,  98% used [0x09f50000, 0x0c67d1e8, 0x0c67d200, 0x0c6f3000)
 Metaspace       used 14655K, capacity 14786K, committed 14848K, reserved 15744K
}

